[vhailanportfolio.framer.website/index.html]
[backblue.gif]
[fade.gif]
[index.html]
[vhailanportfolio.framer.website/works.html]
[vhailanportfolio.framer.website/contact.html]
[vhailanportfolio.framer.website/works/baynanza-brand-visual.html]
[vhailanportfolio.framer.website/works/c-dam-metal-detail.html]
[vhailanportfolio.framer.website/works/vietverse-motion-social-post.html]
[vhailanportfolio.framer.website/works/vietvierse-social-media.html]
[vhailanportfolio.framer.website/works/chatsbycdam-brandbook.html]
[vhailanportfolio.framer.website/works/infinity-lì-xì.7.delayed]
[vhailanportfolio.framer.website/works/experimental-01.html]
[vhailanportfolio.framer.website/index.html]
[vhailanportfolio.framer.website/works.html]
[vhailanportfolio.framer.website/contact.html]
[vhailanportfolio.framer.website/works/baynanza-brand-visual.html]
[vhailanportfolio.framer.website/works/c-dam-metal-detail.html]
[vhailanportfolio.framer.website/works/vietverse-motion-social-post.html]
[vhailanportfolio.framer.website/works/vietvierse-social-media.html]
[vhailanportfolio.framer.website/works/chatsbycdam-brandbook.html]
[vhailanportfolio.framer.website/works/infinity-lì-xì.html]
[vhailanportfolio.framer.website/works/experimental-01.html]
[vhailanportfolio.framer.website/works/rendezvous.html]
[vhailanportfolio.framer.website/works/rendezvous.html]
